# JRE version: OpenJDK Runtime Environment Temurin-17.0.7+7 (17.0.7+7) (build 17.0.7+7)
# Java VM: OpenJDK 64-Bit Server VM Temurin-17.0.7+7 (17.0.7+7, mixed mode, emulated-client, tiered, compressed oops, compressed class ptrs, g1 gc, windows-amd64)
GC Precious Log:
 CPUs: 8 total, 8 available
 Memory: 8033M
 Large Page Support: Disabled
 NUMA Support: Disabled
 Compressed Oops: Enabled (32-bit)
 Heap Region Size: 1M
 Heap Min Capacity: 8M
 Heap Initial Capacity: 126M
 Heap Max Capacity: 1G
 Pre-touch: Disabled
 Parallel Workers: 8
 Concurrent Workers: 2
 Concurrent Refinement Workers: 8
 Periodic GC: Disabled
Heap:
 garbage-first heap   total 193536K, used 80858K [0x00000000c0000000, 0x0000000100000000)
  region size 1024K, 8 young (8192K), 8 survivors (8192K)
 Metaspace       used 40469K, committed 40896K, reserved 1114112K
  class space    used 5154K, committed 5376K, reserved 1048576K
GC Heap History (20 events):
Event: 6.392 GC heap after
{Heap after GC invocations=11 (full 0):
 garbage-first heap   total 54272K, used 22973K [0x00000000c0000000, 0x0000000100000000)
  region size 1024K, 3 young (3072K), 3 survivors (3072K)
 Metaspace       used 36224K, committed 36672K, reserved 1114112K
  class space    used 4769K, committed 4992K, reserved 1048576K
}
Event: 6.446 GC heap before
{Heap before GC invocations=11 (full 0):
 garbage-first heap   total 54272K, used 38333K [0x00000000c0000000, 0x0000000100000000)
  region size 1024K, 19 young (19456K), 3 survivors (3072K)
 Metaspace       used 36267K, committed 36736K, reserved 1114112K
  class space    used 4778K, committed 4992K, reserved 1048576K
}
Event: 6.450 GC heap after
{Heap after GC invocations=12 (full 0):
 garbage-first heap   total 54272K, used 27270K [0x00000000c0000000, 0x0000000100000000)
  region size 1024K, 3 young (3072K), 3 survivors (3072K)
 Metaspace       used 36267K, committed 36736K, reserved 1114112K
  class space    used 4778K, committed 4992K, reserved 1048576K
}
Event: 6.500 GC heap before
{Heap before GC invocations=12 (full 0):
 garbage-first heap   total 54272K, used 39558K [0x00000000c0000000, 0x0000000100000000)
  region size 1024K, 16 young (16384K), 3 survivors (3072K)
 Metaspace       used 36650K, committed 37120K, reserved 1114112K
  class space    used 4830K, committed 5056K, reserved 1048576K
}
Event: 6.504 GC heap after
{Heap after GC invocations=13 (full 0):
 garbage-first heap   total 54272K, used 30046K [0x00000000c0000000, 0x0000000100000000)
  region size 1024K, 2 young (2048K), 2 survivors (2048K)
 Metaspace       used 36650K, committed 37120K, reserved 1114112K
  class space    used 4830K, committed 5056K, reserved 1048576K
}
Event: 6.554 GC heap before
{Heap before GC invocations=14 (full 0):
 garbage-first heap   total 61440K, used 40286K [0x00000000c0000000, 0x0000000100000000)
  region size 1024K, 13 young (13312K), 2 survivors (2048K)
 Metaspace       used 36887K, committed 37312K, reserved 1114112K
  class space    used 4838K, committed 5056K, reserved 1048576K
}
Event: 6.558 GC heap after
{Heap after GC invocations=15 (full 0):
 garbage-first heap   total 61440K, used 31971K [0x00000000c0000000, 0x0000000100000000)
  region size 1024K, 2 young (2048K), 2 survivors (2048K)
 Metaspace       used 36887K, committed 37312K, reserved 1114112K
  class space    used 4838K, committed 5056K, reserved 1048576K
}
Event: 6.594 GC heap before
{Heap before GC invocations=15 (full 0):
 garbage-first heap   total 61440K, used 45283K [0x00000000c0000000, 0x0000000100000000)
  region size 1024K, 16 young (16384K), 2 survivors (2048K)
 Metaspace       used 37120K, committed 37568K, reserved 1114112K
  class space    used 4854K, committed 5056K, reserved 1048576K
}
Event: 6.597 GC heap after
{Heap after GC invocations=16 (full 0):
 garbage-first heap   total 61440K, used 34229K [0x00000000c0000000, 0x0000000100000000)
  region size 1024K, 2 young (2048K), 2 survivors (2048K)
 Metaspace       used 37120K, committed 37568K, reserved 1114112K
  class space    used 4854K, committed 5056K, reserved 1048576K
}
Event: 6.648 GC heap before
{Heap before GC invocations=17 (full 0):
 garbage-first heap   total 73728K, used 46517K [0x00000000c0000000, 0x0000000100000000)
  region size 1024K, 15 young (15360K), 2 survivors (2048K)
 Metaspace       used 37432K, committed 37824K, reserved 1114112K
  class space    used 4885K, committed 5056K, reserved 1048576K
}
Event: 6.652 GC heap after
{Heap after GC invocations=18 (full 0):
 garbage-first heap   total 73728K, used 36386K [0x00000000c0000000, 0x0000000100000000)
  region size 1024K, 2 young (2048K), 2 survivors (2048K)
 Metaspace       used 37432K, committed 37824K, reserved 1114112K
  class space    used 4885K, committed 5056K, reserved 1048576K
}
Event: 6.657 GC heap before
{Heap before GC invocations=18 (full 0):
 garbage-first heap   total 73728K, used 37410K [0x00000000c0000000, 0x0000000100000000)
  region size 1024K, 3 young (3072K), 2 survivors (2048K)
 Metaspace       used 37480K, committed 37888K, reserved 1114112K
  class space    used 4887K, committed 5056K, reserved 1048576K
}
Event: 6.661 GC heap after
{Heap after GC invocations=19 (full 0):
 garbage-first heap   total 193536K, used 36593K [0x00000000c0000000, 0x0000000100000000)
  region size 1024K, 1 young (1024K), 1 survivors (1024K)
 Metaspace       used 37480K, committed 37888K, reserved 1114112K
  class space    used 4887K, committed 5056K, reserved 1048576K
}
Event: 7.151 GC heap before
{Heap before GC invocations=19 (full 0):
 garbage-first heap   total 193536K, used 138993K [0x00000000c0000000, 0x0000000100000000)
  region size 1024K, 99 young (101376K), 1 survivors (1024K)
 Metaspace       used 39928K, committed 40448K, reserved 1114112K
  class space    used 5118K, committed 5376K, reserved 1048576K
}
Event: 7.186 GC heap after
{Heap after GC invocations=20 (full 0):
 garbage-first heap   total 193536K, used 72236K [0x00000000c0000000, 0x0000000100000000)
  region size 1024K, 13 young (13312K), 13 survivors (13312K)
 Metaspace       used 39928K, committed 40448K, reserved 1114112K
  class space    used 5118K, committed 5376K, reserved 1048576K
}
Event: 7.225 GC heap before
{Heap before GC invocations=20 (full 0):
 garbage-first heap   total 193536K, used 124460K [0x00000000c0000000, 0x0000000100000000)
  region size 1024K, 65 young (66560K), 13 survivors (13312K)
 Metaspace       used 40109K, committed 40576K, reserved 1114112K
  class space    used 5132K, committed 5376K, reserved 1048576K
}
Event: 7.235 GC heap after
{Heap after GC invocations=21 (full 0):
 garbage-first heap   total 193536K, used 76351K [0x00000000c0000000, 0x0000000100000000)
  region size 1024K, 3 young (3072K), 3 survivors (3072K)
 Metaspace       used 40109K, committed 40576K, reserved 1114112K
  class space    used 5132K, committed 5376K, reserved 1048576K
}
Event: 7.263 GC heap before
{Heap before GC invocations=21 (full 0):
 garbage-first heap   total 193536K, used 132671K [0x00000000c0000000, 0x0000000100000000)
  region size 1024K, 59 young (60416K), 3 survivors (3072K)
 Metaspace       used 40450K, committed 40896K, reserved 1114112K
  class space    used 5152K, committed 5376K, reserved 1048576K
}
Event: 7.266 GC heap after
{Heap after GC invocations=22 (full 0):
 garbage-first heap   total 193536K, used 78113K [0x00000000c0000000, 0x0000000100000000)
  region size 1024K, 5 young (5120K), 5 survivors (5120K)
 Metaspace       used 40450K, committed 40896K, reserved 1114112K
  class space    used 5152K, committed 5376K, reserved 1048576K
}
Event: 7.290 GC heap before
{Heap before GC invocations=22 (full 0):
 garbage-first heap   total 193536K, used 140577K [0x00000000c0000000, 0x0000000100000000)
  region size 1024K, 67 young (68608K), 5 survivors (5120K)
 Metaspace       used 40469K, committed 40896K, reserved 1114112K
  class space    used 5154K, committed 5376K, reserved 1048576K
}

