# JRE version: OpenJDK Runtime Environment Temurin-17.0.7+7 (17.0.7+7) (build 17.0.7+7)
# Java VM: OpenJDK 64-Bit Server VM Temurin-17.0.7+7 (17.0.7+7, mixed mode, emulated-client, tiered, compressed oops, compressed class ptrs, g1 gc, windows-amd64)
GC Precious Log:
 CPUs: 8 total, 8 available
 Memory: 8033M
 Large Page Support: Disabled
 NUMA Support: Disabled
 Compressed Oops: Enabled (32-bit)
 Heap Region Size: 1M
 Heap Min Capacity: 8M
 Heap Initial Capacity: 126M
 Heap Max Capacity: 1G
 Pre-touch: Disabled
 Parallel Workers: 8
 Concurrent Workers: 2
 Concurrent Refinement Workers: 8
 Periodic GC: Disabled
Heap:
 garbage-first heap   total 133120K, used 38937K [0x00000000c0000000, 0x0000000100000000)
  region size 1024K, 1 young (1024K), 0 survivors (0K)
 Metaspace       used 70667K, committed 71424K, reserved 1114112K
  class space    used 9689K, committed 9984K, reserved 1048576K
GC Heap History (20 events):
Event: 8657.331 GC heap before
{Heap before GC invocations=882 (full 789):
 garbage-first heap   total 133120K, used 38929K [0x00000000c0000000, 0x0000000100000000)
  region size 1024K, 1 young (1024K), 0 survivors (0K)
 Metaspace       used 70663K, committed 71424K, reserved 1114112K
  class space    used 9688K, committed 9984K, reserved 1048576K
}
Event: 8657.376 GC heap after
{Heap after GC invocations=883 (full 790):
 garbage-first heap   total 133120K, used 38929K [0x00000000c0000000, 0x0000000100000000)
  region size 1024K, 0 young (0K), 0 survivors (0K)
 Metaspace       used 70663K, committed 71424K, reserved 1114112K
  class space    used 9688K, committed 9984K, reserved 1048576K
}
Event: 8667.501 GC heap before
{Heap before GC invocations=883 (full 790):
 garbage-first heap   total 133120K, used 38929K [0x00000000c0000000, 0x0000000100000000)
  region size 1024K, 1 young (1024K), 0 survivors (0K)
 Metaspace       used 70663K, committed 71424K, reserved 1114112K
  class space    used 9688K, committed 9984K, reserved 1048576K
}
Event: 8667.535 GC heap after
{Heap after GC invocations=884 (full 791):
 garbage-first heap   total 133120K, used 38929K [0x00000000c0000000, 0x0000000100000000)
  region size 1024K, 0 young (0K), 0 survivors (0K)
 Metaspace       used 70663K, committed 71424K, reserved 1114112K
  class space    used 9688K, committed 9984K, reserved 1048576K
}
Event: 8677.714 GC heap before
{Heap before GC invocations=884 (full 791):
 garbage-first heap   total 133120K, used 38929K [0x00000000c0000000, 0x0000000100000000)
  region size 1024K, 1 young (1024K), 0 survivors (0K)
 Metaspace       used 70663K, committed 71424K, reserved 1114112K
  class space    used 9688K, committed 9984K, reserved 1048576K
}
Event: 8677.757 GC heap after
{Heap after GC invocations=885 (full 792):
 garbage-first heap   total 133120K, used 38929K [0x00000000c0000000, 0x0000000100000000)
  region size 1024K, 0 young (0K), 0 survivors (0K)
 Metaspace       used 70663K, committed 71424K, reserved 1114112K
  class space    used 9688K, committed 9984K, reserved 1048576K
}
Event: 8717.942 GC heap before
{Heap before GC invocations=885 (full 792):
 garbage-first heap   total 133120K, used 38929K [0x00000000c0000000, 0x0000000100000000)
  region size 1024K, 1 young (1024K), 0 survivors (0K)
 Metaspace       used 70667K, committed 71424K, reserved 1114112K
  class space    used 9689K, committed 9984K, reserved 1048576K
}
Event: 8717.978 GC heap after
{Heap after GC invocations=886 (full 793):
 garbage-first heap   total 133120K, used 38940K [0x00000000c0000000, 0x0000000100000000)
  region size 1024K, 0 young (0K), 0 survivors (0K)
 Metaspace       used 70667K, committed 71424K, reserved 1114112K
  class space    used 9689K, committed 9984K, reserved 1048576K
}
Event: 8728.155 GC heap before
{Heap before GC invocations=886 (full 793):
 garbage-first heap   total 133120K, used 38940K [0x00000000c0000000, 0x0000000100000000)
  region size 1024K, 1 young (1024K), 0 survivors (0K)
 Metaspace       used 70667K, committed 71424K, reserved 1114112K
  class space    used 9689K, committed 9984K, reserved 1048576K
}
Event: 8728.196 GC heap after
{Heap after GC invocations=887 (full 794):
 garbage-first heap   total 133120K, used 38940K [0x00000000c0000000, 0x0000000100000000)
  region size 1024K, 0 young (0K), 0 survivors (0K)
 Metaspace       used 70667K, committed 71424K, reserved 1114112K
  class space    used 9689K, committed 9984K, reserved 1048576K
}
Event: 8738.631 GC heap before
{Heap before GC invocations=887 (full 794):
 garbage-first heap   total 133120K, used 38940K [0x00000000c0000000, 0x0000000100000000)
  region size 1024K, 1 young (1024K), 0 survivors (0K)
 Metaspace       used 70667K, committed 71424K, reserved 1114112K
  class space    used 9689K, committed 9984K, reserved 1048576K
}
Event: 8738.678 GC heap after
{Heap after GC invocations=888 (full 795):
 garbage-first heap   total 133120K, used 38940K [0x00000000c0000000, 0x0000000100000000)
  region size 1024K, 0 young (0K), 0 survivors (0K)
 Metaspace       used 70667K, committed 71424K, reserved 1114112K
  class space    used 9689K, committed 9984K, reserved 1048576K
}
Event: 8748.855 GC heap before
{Heap before GC invocations=888 (full 795):
 garbage-first heap   total 133120K, used 38940K [0x00000000c0000000, 0x0000000100000000)
  region size 1024K, 1 young (1024K), 0 survivors (0K)
 Metaspace       used 70667K, committed 71424K, reserved 1114112K
  class space    used 9689K, committed 9984K, reserved 1048576K
}
Event: 8748.894 GC heap after
{Heap after GC invocations=889 (full 796):
 garbage-first heap   total 133120K, used 38939K [0x00000000c0000000, 0x0000000100000000)
  region size 1024K, 0 young (0K), 0 survivors (0K)
 Metaspace       used 70667K, committed 71424K, reserved 1114112K
  class space    used 9689K, committed 9984K, reserved 1048576K
}
Event: 8759.073 GC heap before
{Heap before GC invocations=889 (full 796):
 garbage-first heap   total 133120K, used 38939K [0x00000000c0000000, 0x0000000100000000)
  region size 1024K, 1 young (1024K), 0 survivors (0K)
 Metaspace       used 70667K, committed 71424K, reserved 1114112K
  class space    used 9689K, committed 9984K, reserved 1048576K
}
Event: 8759.112 GC heap after
{Heap after GC invocations=890 (full 797):
 garbage-first heap   total 133120K, used 38939K [0x00000000c0000000, 0x0000000100000000)
  region size 1024K, 0 young (0K), 0 survivors (0K)
 Metaspace       used 70667K, committed 71424K, reserved 1114112K
  class space    used 9689K, committed 9984K, reserved 1048576K
}
Event: 8769.371 GC heap before
{Heap before GC invocations=890 (full 797):
 garbage-first heap   total 133120K, used 38939K [0x00000000c0000000, 0x0000000100000000)
  region size 1024K, 1 young (1024K), 0 survivors (0K)
 Metaspace       used 70667K, committed 71424K, reserved 1114112K
  class space    used 9689K, committed 9984K, reserved 1048576K
}
Event: 8769.431 GC heap after
{Heap after GC invocations=891 (full 798):
 garbage-first heap   total 133120K, used 38939K [0x00000000c0000000, 0x0000000100000000)
  region size 1024K, 0 young (0K), 0 survivors (0K)
 Metaspace       used 70667K, committed 71424K, reserved 1114112K
  class space    used 9689K, committed 9984K, reserved 1048576K
}
Event: 8779.622 GC heap before
{Heap before GC invocations=891 (full 798):
 garbage-first heap   total 133120K, used 38939K [0x00000000c0000000, 0x0000000100000000)
  region size 1024K, 1 young (1024K), 0 survivors (0K)
 Metaspace       used 70667K, committed 71424K, reserved 1114112K
  class space    used 9689K, committed 9984K, reserved 1048576K
}
Event: 8779.663 GC heap after
{Heap after GC invocations=892 (full 799):
 garbage-first heap   total 133120K, used 38937K [0x00000000c0000000, 0x0000000100000000)
  region size 1024K, 0 young (0K), 0 survivors (0K)
 Metaspace       used 70667K, committed 71424K, reserved 1114112K
  class space    used 9689K, committed 9984K, reserved 1048576K
}

