# JRE version: OpenJDK Runtime Environment Temurin-17.0.7+7 (17.0.7+7) (build 17.0.7+7)
# Java VM: OpenJDK 64-Bit Server VM Temurin-17.0.7+7 (17.0.7+7, mixed mode, emulated-client, tiered, compressed oops, compressed class ptrs, g1 gc, windows-amd64)
GC Precious Log:
 CPUs: 8 total, 8 available
 Memory: 8033M
 Large Page Support: Disabled
 NUMA Support: Disabled
 Compressed Oops: Enabled (32-bit)
 Heap Region Size: 1M
 Heap Min Capacity: 8M
 Heap Initial Capacity: 126M
 Heap Max Capacity: 1G
 Pre-touch: Disabled
 Parallel Workers: 8
 Concurrent Workers: 2
 Concurrent Refinement Workers: 8
 Periodic GC: Disabled
Heap:
 garbage-first heap   total 89088K, used 26187K [0x00000000c0000000, 0x0000000100000000)
  region size 1024K, 1 young (1024K), 0 survivors (0K)
 Metaspace       used 47001K, committed 47360K, reserved 1114112K
  class space    used 6750K, committed 6912K, reserved 1048576K
GC Heap History (20 events):
Event: 8163.931 GC heap before
{Heap before GC invocations=374 (full 316):
 garbage-first heap   total 89088K, used 26187K [0x00000000c0000000, 0x0000000100000000)
  region size 1024K, 1 young (1024K), 0 survivors (0K)
 Metaspace       used 47001K, committed 47360K, reserved 1114112K
  class space    used 6750K, committed 6912K, reserved 1048576K
}
Event: 8164.004 GC heap after
{Heap after GC invocations=375 (full 317):
 garbage-first heap   total 89088K, used 26187K [0x00000000c0000000, 0x0000000100000000)
  region size 1024K, 0 young (0K), 0 survivors (0K)
 Metaspace       used 47001K, committed 47360K, reserved 1114112K
  class space    used 6750K, committed 6912K, reserved 1048576K
}
Event: 8174.275 GC heap before
{Heap before GC invocations=375 (full 317):
 garbage-first heap   total 89088K, used 26187K [0x00000000c0000000, 0x0000000100000000)
  region size 1024K, 1 young (1024K), 0 survivors (0K)
 Metaspace       used 47001K, committed 47360K, reserved 1114112K
  class space    used 6750K, committed 6912K, reserved 1048576K
}
Event: 8174.340 GC heap after
{Heap after GC invocations=376 (full 318):
 garbage-first heap   total 89088K, used 26187K [0x00000000c0000000, 0x0000000100000000)
  region size 1024K, 0 young (0K), 0 survivors (0K)
 Metaspace       used 47001K, committed 47360K, reserved 1114112K
  class space    used 6750K, committed 6912K, reserved 1048576K
}
Event: 8184.636 GC heap before
{Heap before GC invocations=376 (full 318):
 garbage-first heap   total 89088K, used 26187K [0x00000000c0000000, 0x0000000100000000)
  region size 1024K, 1 young (1024K), 0 survivors (0K)
 Metaspace       used 47001K, committed 47360K, reserved 1114112K
  class space    used 6750K, committed 6912K, reserved 1048576K
}
Event: 8184.699 GC heap after
{Heap after GC invocations=377 (full 319):
 garbage-first heap   total 89088K, used 26187K [0x00000000c0000000, 0x0000000100000000)
  region size 1024K, 0 young (0K), 0 survivors (0K)
 Metaspace       used 47001K, committed 47360K, reserved 1114112K
  class space    used 6750K, committed 6912K, reserved 1048576K
}
Event: 8195.100 GC heap before
{Heap before GC invocations=377 (full 319):
 garbage-first heap   total 89088K, used 26187K [0x00000000c0000000, 0x0000000100000000)
  region size 1024K, 1 young (1024K), 0 survivors (0K)
 Metaspace       used 47001K, committed 47360K, reserved 1114112K
  class space    used 6750K, committed 6912K, reserved 1048576K
}
Event: 8195.167 GC heap after
{Heap after GC invocations=378 (full 320):
 garbage-first heap   total 89088K, used 26187K [0x00000000c0000000, 0x0000000100000000)
  region size 1024K, 0 young (0K), 0 survivors (0K)
 Metaspace       used 47001K, committed 47360K, reserved 1114112K
  class space    used 6750K, committed 6912K, reserved 1048576K
}
Event: 8205.410 GC heap before
{Heap before GC invocations=378 (full 320):
 garbage-first heap   total 89088K, used 26187K [0x00000000c0000000, 0x0000000100000000)
  region size 1024K, 1 young (1024K), 0 survivors (0K)
 Metaspace       used 47001K, committed 47360K, reserved 1114112K
  class space    used 6750K, committed 6912K, reserved 1048576K
}
Event: 8205.456 GC heap after
{Heap after GC invocations=379 (full 321):
 garbage-first heap   total 89088K, used 26187K [0x00000000c0000000, 0x0000000100000000)
  region size 1024K, 0 young (0K), 0 survivors (0K)
 Metaspace       used 47001K, committed 47360K, reserved 1114112K
  class space    used 6750K, committed 6912K, reserved 1048576K
}
Event: 8215.744 GC heap before
{Heap before GC invocations=379 (full 321):
 garbage-first heap   total 89088K, used 26187K [0x00000000c0000000, 0x0000000100000000)
  region size 1024K, 1 young (1024K), 0 survivors (0K)
 Metaspace       used 47001K, committed 47360K, reserved 1114112K
  class space    used 6750K, committed 6912K, reserved 1048576K
}
Event: 8215.802 GC heap after
{Heap after GC invocations=380 (full 322):
 garbage-first heap   total 89088K, used 26187K [0x00000000c0000000, 0x0000000100000000)
  region size 1024K, 0 young (0K), 0 survivors (0K)
 Metaspace       used 47001K, committed 47360K, reserved 1114112K
  class space    used 6750K, committed 6912K, reserved 1048576K
}
Event: 8226.039 GC heap before
{Heap before GC invocations=380 (full 322):
 garbage-first heap   total 89088K, used 26187K [0x00000000c0000000, 0x0000000100000000)
  region size 1024K, 1 young (1024K), 0 survivors (0K)
 Metaspace       used 47001K, committed 47360K, reserved 1114112K
  class space    used 6750K, committed 6912K, reserved 1048576K
}
Event: 8226.088 GC heap after
{Heap after GC invocations=381 (full 323):
 garbage-first heap   total 89088K, used 26187K [0x00000000c0000000, 0x0000000100000000)
  region size 1024K, 0 young (0K), 0 survivors (0K)
 Metaspace       used 47001K, committed 47360K, reserved 1114112K
  class space    used 6750K, committed 6912K, reserved 1048576K
}
Event: 8236.778 GC heap before
{Heap before GC invocations=381 (full 323):
 garbage-first heap   total 89088K, used 26187K [0x00000000c0000000, 0x0000000100000000)
  region size 1024K, 1 young (1024K), 0 survivors (0K)
 Metaspace       used 47001K, committed 47360K, reserved 1114112K
  class space    used 6750K, committed 6912K, reserved 1048576K
}
Event: 8236.862 GC heap after
{Heap after GC invocations=382 (full 324):
 garbage-first heap   total 89088K, used 26187K [0x00000000c0000000, 0x0000000100000000)
  region size 1024K, 0 young (0K), 0 survivors (0K)
 Metaspace       used 47001K, committed 47360K, reserved 1114112K
  class space    used 6750K, committed 6912K, reserved 1048576K
}
Event: 8248.173 GC heap before
{Heap before GC invocations=382 (full 324):
 garbage-first heap   total 89088K, used 26187K [0x00000000c0000000, 0x0000000100000000)
  region size 1024K, 1 young (1024K), 0 survivors (0K)
 Metaspace       used 47001K, committed 47360K, reserved 1114112K
  class space    used 6750K, committed 6912K, reserved 1048576K
}
Event: 8248.268 GC heap after
{Heap after GC invocations=383 (full 325):
 garbage-first heap   total 89088K, used 26187K [0x00000000c0000000, 0x0000000100000000)
  region size 1024K, 0 young (0K), 0 survivors (0K)
 Metaspace       used 47001K, committed 47360K, reserved 1114112K
  class space    used 6750K, committed 6912K, reserved 1048576K
}
Event: 8258.667 GC heap before
{Heap before GC invocations=383 (full 325):
 garbage-first heap   total 89088K, used 26187K [0x00000000c0000000, 0x0000000100000000)
  region size 1024K, 1 young (1024K), 0 survivors (0K)
 Metaspace       used 47001K, committed 47360K, reserved 1114112K
  class space    used 6750K, committed 6912K, reserved 1048576K
}
Event: 8258.724 GC heap after
{Heap after GC invocations=384 (full 326):
 garbage-first heap   total 89088K, used 26187K [0x00000000c0000000, 0x0000000100000000)
  region size 1024K, 0 young (0K), 0 survivors (0K)
 Metaspace       used 47001K, committed 47360K, reserved 1114112K
  class space    used 6750K, committed 6912K, reserved 1048576K
}

