# JRE version: OpenJDK Runtime Environment Temurin-17.0.7+7 (17.0.7+7) (build 17.0.7+7)
# Java VM: OpenJDK 64-Bit Server VM Temurin-17.0.7+7 (17.0.7+7, mixed mode, emulated-client, tiered, compressed oops, compressed class ptrs, g1 gc, windows-amd64)
GC Precious Log:
 CPUs: 8 total, 8 available
 Memory: 8033M
 Large Page Support: Disabled
 NUMA Support: Disabled
 Compressed Oops: Enabled (32-bit)
 Heap Region Size: 1M
 Heap Min Capacity: 8M
 Heap Initial Capacity: 126M
 Heap Max Capacity: 1G
 Pre-touch: Disabled
 Parallel Workers: 8
 Concurrent Workers: 2
 Concurrent Refinement Workers: 8
 Periodic GC: Disabled
Heap:
 garbage-first heap   total 133120K, used 38882K [0x00000000c0000000, 0x0000000100000000)
  region size 1024K, 1 young (1024K), 0 survivors (0K)
 Metaspace       used 69501K, committed 70208K, reserved 1114112K
  class space    used 9483K, committed 9792K, reserved 1048576K
GC Heap History (20 events):
Event: 14996.269 GC heap before
{Heap before GC invocations=1430 (full 1386):
 garbage-first heap   total 133120K, used 38882K [0x00000000c0000000, 0x0000000100000000)
  region size 1024K, 1 young (1024K), 0 survivors (0K)
 Metaspace       used 69501K, committed 70208K, reserved 1114112K
  class space    used 9483K, committed 9792K, reserved 1048576K
}
Event: 14996.304 GC heap after
{Heap after GC invocations=1431 (full 1387):
 garbage-first heap   total 133120K, used 38882K [0x00000000c0000000, 0x0000000100000000)
  region size 1024K, 0 young (0K), 0 survivors (0K)
 Metaspace       used 69501K, committed 70208K, reserved 1114112K
  class space    used 9483K, committed 9792K, reserved 1048576K
}
Event: 15006.413 GC heap before
{Heap before GC invocations=1431 (full 1387):
 garbage-first heap   total 133120K, used 38882K [0x00000000c0000000, 0x0000000100000000)
  region size 1024K, 1 young (1024K), 0 survivors (0K)
 Metaspace       used 69501K, committed 70208K, reserved 1114112K
  class space    used 9483K, committed 9792K, reserved 1048576K
}
Event: 15006.443 GC heap after
{Heap after GC invocations=1432 (full 1388):
 garbage-first heap   total 133120K, used 38882K [0x00000000c0000000, 0x0000000100000000)
  region size 1024K, 0 young (0K), 0 survivors (0K)
 Metaspace       used 69501K, committed 70208K, reserved 1114112K
  class space    used 9483K, committed 9792K, reserved 1048576K
}
Event: 15016.595 GC heap before
{Heap before GC invocations=1432 (full 1388):
 garbage-first heap   total 133120K, used 38882K [0x00000000c0000000, 0x0000000100000000)
  region size 1024K, 1 young (1024K), 0 survivors (0K)
 Metaspace       used 69501K, committed 70208K, reserved 1114112K
  class space    used 9483K, committed 9792K, reserved 1048576K
}
Event: 15016.641 GC heap after
{Heap after GC invocations=1433 (full 1389):
 garbage-first heap   total 133120K, used 38882K [0x00000000c0000000, 0x0000000100000000)
  region size 1024K, 0 young (0K), 0 survivors (0K)
 Metaspace       used 69501K, committed 70208K, reserved 1114112K
  class space    used 9483K, committed 9792K, reserved 1048576K
}
Event: 15026.774 GC heap before
{Heap before GC invocations=1433 (full 1389):
 garbage-first heap   total 133120K, used 38882K [0x00000000c0000000, 0x0000000100000000)
  region size 1024K, 1 young (1024K), 0 survivors (0K)
 Metaspace       used 69501K, committed 70208K, reserved 1114112K
  class space    used 9483K, committed 9792K, reserved 1048576K
}
Event: 15026.808 GC heap after
{Heap after GC invocations=1434 (full 1390):
 garbage-first heap   total 133120K, used 38882K [0x00000000c0000000, 0x0000000100000000)
  region size 1024K, 0 young (0K), 0 survivors (0K)
 Metaspace       used 69501K, committed 70208K, reserved 1114112K
  class space    used 9483K, committed 9792K, reserved 1048576K
}
Event: 15036.924 GC heap before
{Heap before GC invocations=1434 (full 1390):
 garbage-first heap   total 133120K, used 38882K [0x00000000c0000000, 0x0000000100000000)
  region size 1024K, 1 young (1024K), 0 survivors (0K)
 Metaspace       used 69501K, committed 70208K, reserved 1114112K
  class space    used 9483K, committed 9792K, reserved 1048576K
}
Event: 15036.955 GC heap after
{Heap after GC invocations=1435 (full 1391):
 garbage-first heap   total 133120K, used 38882K [0x00000000c0000000, 0x0000000100000000)
  region size 1024K, 0 young (0K), 0 survivors (0K)
 Metaspace       used 69501K, committed 70208K, reserved 1114112K
  class space    used 9483K, committed 9792K, reserved 1048576K
}
Event: 15047.065 GC heap before
{Heap before GC invocations=1435 (full 1391):
 garbage-first heap   total 133120K, used 38882K [0x00000000c0000000, 0x0000000100000000)
  region size 1024K, 1 young (1024K), 0 survivors (0K)
 Metaspace       used 69501K, committed 70208K, reserved 1114112K
  class space    used 9483K, committed 9792K, reserved 1048576K
}
Event: 15047.101 GC heap after
{Heap after GC invocations=1436 (full 1392):
 garbage-first heap   total 133120K, used 38882K [0x00000000c0000000, 0x0000000100000000)
  region size 1024K, 0 young (0K), 0 survivors (0K)
 Metaspace       used 69501K, committed 70208K, reserved 1114112K
  class space    used 9483K, committed 9792K, reserved 1048576K
}
Event: 15057.214 GC heap before
{Heap before GC invocations=1436 (full 1392):
 garbage-first heap   total 133120K, used 38882K [0x00000000c0000000, 0x0000000100000000)
  region size 1024K, 1 young (1024K), 0 survivors (0K)
 Metaspace       used 69501K, committed 70208K, reserved 1114112K
  class space    used 9483K, committed 9792K, reserved 1048576K
}
Event: 15057.245 GC heap after
{Heap after GC invocations=1437 (full 1393):
 garbage-first heap   total 133120K, used 38882K [0x00000000c0000000, 0x0000000100000000)
  region size 1024K, 0 young (0K), 0 survivors (0K)
 Metaspace       used 69501K, committed 70208K, reserved 1114112K
  class space    used 9483K, committed 9792K, reserved 1048576K
}
Event: 15067.366 GC heap before
{Heap before GC invocations=1437 (full 1393):
 garbage-first heap   total 133120K, used 38882K [0x00000000c0000000, 0x0000000100000000)
  region size 1024K, 1 young (1024K), 0 survivors (0K)
 Metaspace       used 69501K, committed 70208K, reserved 1114112K
  class space    used 9483K, committed 9792K, reserved 1048576K
}
Event: 15067.399 GC heap after
{Heap after GC invocations=1438 (full 1394):
 garbage-first heap   total 133120K, used 38882K [0x00000000c0000000, 0x0000000100000000)
  region size 1024K, 0 young (0K), 0 survivors (0K)
 Metaspace       used 69501K, committed 70208K, reserved 1114112K
  class space    used 9483K, committed 9792K, reserved 1048576K
}
Event: 15077.511 GC heap before
{Heap before GC invocations=1438 (full 1394):
 garbage-first heap   total 133120K, used 38882K [0x00000000c0000000, 0x0000000100000000)
  region size 1024K, 1 young (1024K), 0 survivors (0K)
 Metaspace       used 69501K, committed 70208K, reserved 1114112K
  class space    used 9483K, committed 9792K, reserved 1048576K
}
Event: 15077.543 GC heap after
{Heap after GC invocations=1439 (full 1395):
 garbage-first heap   total 133120K, used 38882K [0x00000000c0000000, 0x0000000100000000)
  region size 1024K, 0 young (0K), 0 survivors (0K)
 Metaspace       used 69501K, committed 70208K, reserved 1114112K
  class space    used 9483K, committed 9792K, reserved 1048576K
}
Event: 15087.788 GC heap before
{Heap before GC invocations=1439 (full 1395):
 garbage-first heap   total 133120K, used 38882K [0x00000000c0000000, 0x0000000100000000)
  region size 1024K, 1 young (1024K), 0 survivors (0K)
 Metaspace       used 69501K, committed 70208K, reserved 1114112K
  class space    used 9483K, committed 9792K, reserved 1048576K
}
Event: 15087.837 GC heap after
{Heap after GC invocations=1440 (full 1396):
 garbage-first heap   total 133120K, used 38882K [0x00000000c0000000, 0x0000000100000000)
  region size 1024K, 0 young (0K), 0 survivors (0K)
 Metaspace       used 69501K, committed 70208K, reserved 1114112K
  class space    used 9483K, committed 9792K, reserved 1048576K
}

