# JRE version: OpenJDK Runtime Environment Temurin-17.0.7+7 (17.0.7+7) (build 17.0.7+7)
# Java VM: OpenJDK 64-Bit Server VM Temurin-17.0.7+7 (17.0.7+7, mixed mode, emulated-client, tiered, compressed oops, compressed class ptrs, g1 gc, windows-amd64)
GC Precious Log:
 CPUs: 8 total, 8 available
 Memory: 8033M
 Large Page Support: Disabled
 NUMA Support: Disabled
 Compressed Oops: Enabled (32-bit)
 Heap Region Size: 1M
 Heap Min Capacity: 8M
 Heap Initial Capacity: 126M
 Heap Max Capacity: 1G
 Pre-touch: Disabled
 Parallel Workers: 8
 Concurrent Workers: 2
 Concurrent Refinement Workers: 8
 Periodic GC: Disabled
Heap:
 garbage-first heap   total 89088K, used 25779K [0x00000000c0000000, 0x0000000100000000)
  region size 1024K, 1 young (1024K), 0 survivors (0K)
 Metaspace       used 45987K, committed 46592K, reserved 1114112K
  class space    used 6537K, committed 6784K, reserved 1048576K
GC Heap History (20 events):
Event: 20837.313 GC heap before
{Heap before GC invocations=838 (full 783):
 garbage-first heap   total 89088K, used 25779K [0x00000000c0000000, 0x0000000100000000)
  region size 1024K, 1 young (1024K), 0 survivors (0K)
 Metaspace       used 45987K, committed 46592K, reserved 1114112K
  class space    used 6537K, committed 6784K, reserved 1048576K
}
Event: 20837.349 GC heap after
{Heap after GC invocations=839 (full 784):
 garbage-first heap   total 89088K, used 25779K [0x00000000c0000000, 0x0000000100000000)
  region size 1024K, 0 young (0K), 0 survivors (0K)
 Metaspace       used 45987K, committed 46592K, reserved 1114112K
  class space    used 6537K, committed 6784K, reserved 1048576K
}
Event: 20847.562 GC heap before
{Heap before GC invocations=839 (full 784):
 garbage-first heap   total 89088K, used 25779K [0x00000000c0000000, 0x0000000100000000)
  region size 1024K, 1 young (1024K), 0 survivors (0K)
 Metaspace       used 45987K, committed 46592K, reserved 1114112K
  class space    used 6537K, committed 6784K, reserved 1048576K
}
Event: 20847.619 GC heap after
{Heap after GC invocations=840 (full 785):
 garbage-first heap   total 89088K, used 25779K [0x00000000c0000000, 0x0000000100000000)
  region size 1024K, 0 young (0K), 0 survivors (0K)
 Metaspace       used 45987K, committed 46592K, reserved 1114112K
  class space    used 6537K, committed 6784K, reserved 1048576K
}
Event: 20857.852 GC heap before
{Heap before GC invocations=840 (full 785):
 garbage-first heap   total 89088K, used 25779K [0x00000000c0000000, 0x0000000100000000)
  region size 1024K, 1 young (1024K), 0 survivors (0K)
 Metaspace       used 45987K, committed 46592K, reserved 1114112K
  class space    used 6537K, committed 6784K, reserved 1048576K
}
Event: 20857.884 GC heap after
{Heap after GC invocations=841 (full 786):
 garbage-first heap   total 89088K, used 25779K [0x00000000c0000000, 0x0000000100000000)
  region size 1024K, 0 young (0K), 0 survivors (0K)
 Metaspace       used 45987K, committed 46592K, reserved 1114112K
  class space    used 6537K, committed 6784K, reserved 1048576K
}
Event: 20868.070 GC heap before
{Heap before GC invocations=841 (full 786):
 garbage-first heap   total 89088K, used 25779K [0x00000000c0000000, 0x0000000100000000)
  region size 1024K, 1 young (1024K), 0 survivors (0K)
 Metaspace       used 45987K, committed 46592K, reserved 1114112K
  class space    used 6537K, committed 6784K, reserved 1048576K
}
Event: 20868.106 GC heap after
{Heap after GC invocations=842 (full 787):
 garbage-first heap   total 89088K, used 25779K [0x00000000c0000000, 0x0000000100000000)
  region size 1024K, 0 young (0K), 0 survivors (0K)
 Metaspace       used 45987K, committed 46592K, reserved 1114112K
  class space    used 6537K, committed 6784K, reserved 1048576K
}
Event: 20878.288 GC heap before
{Heap before GC invocations=842 (full 787):
 garbage-first heap   total 89088K, used 25779K [0x00000000c0000000, 0x0000000100000000)
  region size 1024K, 1 young (1024K), 0 survivors (0K)
 Metaspace       used 45987K, committed 46592K, reserved 1114112K
  class space    used 6537K, committed 6784K, reserved 1048576K
}
Event: 20878.337 GC heap after
{Heap after GC invocations=843 (full 788):
 garbage-first heap   total 89088K, used 25779K [0x00000000c0000000, 0x0000000100000000)
  region size 1024K, 0 young (0K), 0 survivors (0K)
 Metaspace       used 45987K, committed 46592K, reserved 1114112K
  class space    used 6537K, committed 6784K, reserved 1048576K
}
Event: 20888.517 GC heap before
{Heap before GC invocations=843 (full 788):
 garbage-first heap   total 89088K, used 25779K [0x00000000c0000000, 0x0000000100000000)
  region size 1024K, 1 young (1024K), 0 survivors (0K)
 Metaspace       used 45987K, committed 46592K, reserved 1114112K
  class space    used 6537K, committed 6784K, reserved 1048576K
}
Event: 20888.562 GC heap after
{Heap after GC invocations=844 (full 789):
 garbage-first heap   total 89088K, used 25779K [0x00000000c0000000, 0x0000000100000000)
  region size 1024K, 0 young (0K), 0 survivors (0K)
 Metaspace       used 45987K, committed 46592K, reserved 1114112K
  class space    used 6537K, committed 6784K, reserved 1048576K
}
Event: 20898.768 GC heap before
{Heap before GC invocations=844 (full 789):
 garbage-first heap   total 89088K, used 25779K [0x00000000c0000000, 0x0000000100000000)
  region size 1024K, 1 young (1024K), 0 survivors (0K)
 Metaspace       used 45987K, committed 46592K, reserved 1114112K
  class space    used 6537K, committed 6784K, reserved 1048576K
}
Event: 20898.813 GC heap after
{Heap after GC invocations=845 (full 790):
 garbage-first heap   total 89088K, used 25779K [0x00000000c0000000, 0x0000000100000000)
  region size 1024K, 0 young (0K), 0 survivors (0K)
 Metaspace       used 45987K, committed 46592K, reserved 1114112K
  class space    used 6537K, committed 6784K, reserved 1048576K
}
Event: 20909.013 GC heap before
{Heap before GC invocations=845 (full 790):
 garbage-first heap   total 89088K, used 25779K [0x00000000c0000000, 0x0000000100000000)
  region size 1024K, 1 young (1024K), 0 survivors (0K)
 Metaspace       used 45987K, committed 46592K, reserved 1114112K
  class space    used 6537K, committed 6784K, reserved 1048576K
}
Event: 20909.046 GC heap after
{Heap after GC invocations=846 (full 791):
 garbage-first heap   total 89088K, used 25779K [0x00000000c0000000, 0x0000000100000000)
  region size 1024K, 0 young (0K), 0 survivors (0K)
 Metaspace       used 45987K, committed 46592K, reserved 1114112K
  class space    used 6537K, committed 6784K, reserved 1048576K
}
Event: 20919.216 GC heap before
{Heap before GC invocations=846 (full 791):
 garbage-first heap   total 89088K, used 25779K [0x00000000c0000000, 0x0000000100000000)
  region size 1024K, 1 young (1024K), 0 survivors (0K)
 Metaspace       used 45987K, committed 46592K, reserved 1114112K
  class space    used 6537K, committed 6784K, reserved 1048576K
}
Event: 20919.251 GC heap after
{Heap after GC invocations=847 (full 792):
 garbage-first heap   total 89088K, used 25779K [0x00000000c0000000, 0x0000000100000000)
  region size 1024K, 0 young (0K), 0 survivors (0K)
 Metaspace       used 45987K, committed 46592K, reserved 1114112K
  class space    used 6537K, committed 6784K, reserved 1048576K
}
Event: 20929.399 GC heap before
{Heap before GC invocations=847 (full 792):
 garbage-first heap   total 89088K, used 25779K [0x00000000c0000000, 0x0000000100000000)
  region size 1024K, 1 young (1024K), 0 survivors (0K)
 Metaspace       used 45987K, committed 46592K, reserved 1114112K
  class space    used 6537K, committed 6784K, reserved 1048576K
}
Event: 20929.431 GC heap after
{Heap after GC invocations=848 (full 793):
 garbage-first heap   total 89088K, used 25779K [0x00000000c0000000, 0x0000000100000000)
  region size 1024K, 0 young (0K), 0 survivors (0K)
 Metaspace       used 45987K, committed 46592K, reserved 1114112K
  class space    used 6537K, committed 6784K, reserved 1048576K
}

