# JRE version: OpenJDK Runtime Environment Temurin-17.0.7+7 (17.0.7+7) (build 17.0.7+7)
# Java VM: OpenJDK 64-Bit Server VM Temurin-17.0.7+7 (17.0.7+7, mixed mode, emulated-client, tiered, compressed oops, compressed class ptrs, g1 gc, windows-amd64)
GC Precious Log:
 CPUs: 8 total, 8 available
 Memory: 8033M
 Large Page Support: Disabled
 NUMA Support: Disabled
 Compressed Oops: Enabled (32-bit)
 Heap Region Size: 1M
 Heap Min Capacity: 8M
 Heap Initial Capacity: 126M
 Heap Max Capacity: 1G
 Pre-touch: Disabled
 Parallel Workers: 8
 Concurrent Workers: 2
 Concurrent Refinement Workers: 8
 Periodic GC: Disabled
Heap:
 garbage-first heap   total 133120K, used 39008K [0x00000000c0000000, 0x0000000100000000)
  region size 1024K, 1 young (1024K), 0 survivors (0K)
 Metaspace       used 70775K, committed 71552K, reserved 1114112K
  class space    used 9698K, committed 9984K, reserved 1048576K
GC Heap History (20 events):
Event: 16029.352 GC heap before
{Heap before GC invocations=1618 (full 1562):
 garbage-first heap   total 133120K, used 39008K [0x00000000c0000000, 0x0000000100000000)
  region size 1024K, 1 young (1024K), 0 survivors (0K)
 Metaspace       used 70775K, committed 71552K, reserved 1114112K
  class space    used 9698K, committed 9984K, reserved 1048576K
}
Event: 16029.407 GC heap after
{Heap after GC invocations=1619 (full 1563):
 garbage-first heap   total 133120K, used 39008K [0x00000000c0000000, 0x0000000100000000)
  region size 1024K, 0 young (0K), 0 survivors (0K)
 Metaspace       used 70775K, committed 71552K, reserved 1114112K
  class space    used 9698K, committed 9984K, reserved 1048576K
}
Event: 16039.577 GC heap before
{Heap before GC invocations=1619 (full 1563):
 garbage-first heap   total 133120K, used 39008K [0x00000000c0000000, 0x0000000100000000)
  region size 1024K, 1 young (1024K), 0 survivors (0K)
 Metaspace       used 70775K, committed 71552K, reserved 1114112K
  class space    used 9698K, committed 9984K, reserved 1048576K
}
Event: 16039.637 GC heap after
{Heap after GC invocations=1620 (full 1564):
 garbage-first heap   total 133120K, used 39008K [0x00000000c0000000, 0x0000000100000000)
  region size 1024K, 0 young (0K), 0 survivors (0K)
 Metaspace       used 70775K, committed 71552K, reserved 1114112K
  class space    used 9698K, committed 9984K, reserved 1048576K
}
Event: 16049.773 GC heap before
{Heap before GC invocations=1620 (full 1564):
 garbage-first heap   total 133120K, used 39008K [0x00000000c0000000, 0x0000000100000000)
  region size 1024K, 1 young (1024K), 0 survivors (0K)
 Metaspace       used 70775K, committed 71552K, reserved 1114112K
  class space    used 9698K, committed 9984K, reserved 1048576K
}
Event: 16049.813 GC heap after
{Heap after GC invocations=1621 (full 1565):
 garbage-first heap   total 133120K, used 39008K [0x00000000c0000000, 0x0000000100000000)
  region size 1024K, 0 young (0K), 0 survivors (0K)
 Metaspace       used 70775K, committed 71552K, reserved 1114112K
  class space    used 9698K, committed 9984K, reserved 1048576K
}
Event: 16060.010 GC heap before
{Heap before GC invocations=1621 (full 1565):
 garbage-first heap   total 133120K, used 39008K [0x00000000c0000000, 0x0000000100000000)
  region size 1024K, 1 young (1024K), 0 survivors (0K)
 Metaspace       used 70775K, committed 71552K, reserved 1114112K
  class space    used 9698K, committed 9984K, reserved 1048576K
}
Event: 16060.060 GC heap after
{Heap after GC invocations=1622 (full 1566):
 garbage-first heap   total 133120K, used 39008K [0x00000000c0000000, 0x0000000100000000)
  region size 1024K, 0 young (0K), 0 survivors (0K)
 Metaspace       used 70775K, committed 71552K, reserved 1114112K
  class space    used 9698K, committed 9984K, reserved 1048576K
}
Event: 16070.260 GC heap before
{Heap before GC invocations=1622 (full 1566):
 garbage-first heap   total 133120K, used 39008K [0x00000000c0000000, 0x0000000100000000)
  region size 1024K, 1 young (1024K), 0 survivors (0K)
 Metaspace       used 70775K, committed 71552K, reserved 1114112K
  class space    used 9698K, committed 9984K, reserved 1048576K
}
Event: 16070.309 GC heap after
{Heap after GC invocations=1623 (full 1567):
 garbage-first heap   total 133120K, used 39008K [0x00000000c0000000, 0x0000000100000000)
  region size 1024K, 0 young (0K), 0 survivors (0K)
 Metaspace       used 70775K, committed 71552K, reserved 1114112K
  class space    used 9698K, committed 9984K, reserved 1048576K
}
Event: 16080.435 GC heap before
{Heap before GC invocations=1623 (full 1567):
 garbage-first heap   total 133120K, used 39008K [0x00000000c0000000, 0x0000000100000000)
  region size 1024K, 1 young (1024K), 0 survivors (0K)
 Metaspace       used 70775K, committed 71552K, reserved 1114112K
  class space    used 9698K, committed 9984K, reserved 1048576K
}
Event: 16080.467 GC heap after
{Heap after GC invocations=1624 (full 1568):
 garbage-first heap   total 133120K, used 39008K [0x00000000c0000000, 0x0000000100000000)
  region size 1024K, 0 young (0K), 0 survivors (0K)
 Metaspace       used 70775K, committed 71552K, reserved 1114112K
  class space    used 9698K, committed 9984K, reserved 1048576K
}
Event: 16090.610 GC heap before
{Heap before GC invocations=1624 (full 1568):
 garbage-first heap   total 133120K, used 39008K [0x00000000c0000000, 0x0000000100000000)
  region size 1024K, 1 young (1024K), 0 survivors (0K)
 Metaspace       used 70775K, committed 71552K, reserved 1114112K
  class space    used 9698K, committed 9984K, reserved 1048576K
}
Event: 16090.642 GC heap after
{Heap after GC invocations=1625 (full 1569):
 garbage-first heap   total 133120K, used 39008K [0x00000000c0000000, 0x0000000100000000)
  region size 1024K, 0 young (0K), 0 survivors (0K)
 Metaspace       used 70775K, committed 71552K, reserved 1114112K
  class space    used 9698K, committed 9984K, reserved 1048576K
}
Event: 16100.857 GC heap before
{Heap before GC invocations=1625 (full 1569):
 garbage-first heap   total 133120K, used 39008K [0x00000000c0000000, 0x0000000100000000)
  region size 1024K, 1 young (1024K), 0 survivors (0K)
 Metaspace       used 70775K, committed 71552K, reserved 1114112K
  class space    used 9698K, committed 9984K, reserved 1048576K
}
Event: 16100.916 GC heap after
{Heap after GC invocations=1626 (full 1570):
 garbage-first heap   total 133120K, used 39008K [0x00000000c0000000, 0x0000000100000000)
  region size 1024K, 0 young (0K), 0 survivors (0K)
 Metaspace       used 70775K, committed 71552K, reserved 1114112K
  class space    used 9698K, committed 9984K, reserved 1048576K
}
Event: 16111.087 GC heap before
{Heap before GC invocations=1626 (full 1570):
 garbage-first heap   total 133120K, used 39008K [0x00000000c0000000, 0x0000000100000000)
  region size 1024K, 1 young (1024K), 0 survivors (0K)
 Metaspace       used 70775K, committed 71552K, reserved 1114112K
  class space    used 9698K, committed 9984K, reserved 1048576K
}
Event: 16111.149 GC heap after
{Heap after GC invocations=1627 (full 1571):
 garbage-first heap   total 133120K, used 39008K [0x00000000c0000000, 0x0000000100000000)
  region size 1024K, 0 young (0K), 0 survivors (0K)
 Metaspace       used 70775K, committed 71552K, reserved 1114112K
  class space    used 9698K, committed 9984K, reserved 1048576K
}
Event: 16121.388 GC heap before
{Heap before GC invocations=1627 (full 1571):
 garbage-first heap   total 133120K, used 39008K [0x00000000c0000000, 0x0000000100000000)
  region size 1024K, 1 young (1024K), 0 survivors (0K)
 Metaspace       used 70775K, committed 71552K, reserved 1114112K
  class space    used 9698K, committed 9984K, reserved 1048576K
}
Event: 16121.424 GC heap after
{Heap after GC invocations=1628 (full 1572):
 garbage-first heap   total 133120K, used 39008K [0x00000000c0000000, 0x0000000100000000)
  region size 1024K, 0 young (0K), 0 survivors (0K)
 Metaspace       used 70775K, committed 71552K, reserved 1114112K
  class space    used 9698K, committed 9984K, reserved 1048576K
}

